<?xml version="1.0" encoding="UTF-8"?>
<!-- Generated by org.testng.reporters.JUnitReportReporter -->
<testsuite skipped="0" hostname="yyets" name="Jarvis.test.cases.LoginTest" tests="1" failures="0" timestamp="02 五月 2019 06:45:10 GMT" time="14.259" errors="0">
  <testcase name="loginTest" time="14.259" classname="Jarvis.test.cases.LoginTest"/>
</testsuite> <!-- Jarvis.test.cases.LoginTest -->
